Duplicated file found; will not be sent for synthesis: c:/Users/Anonymouse/Dropbox/Projects/Complex/mrtech/fsearch/FPGA/System/System.srcs/sources_1/bd/base_zynq_design/ipshared/xilinx.com/blk_mem_gen_v8_3/hdl/blk_mem_gen_v8_3_vhsyn_rfs.vhd
Duplicated file found; will not be sent for synthesis: c:/Users/Anonymouse/Dropbox/Projects/Complex/mrtech/fsearch/FPGA/System/System.srcs/sources_1/bd/base_zynq_design/ipshared/xilinx.com/blk_mem_gen_v8_3/hdl/blk_mem_gen_v8_3.vhd
Duplicated file found; will not be sent for synthesis: c:/Users/Anonymouse/Dropbox/Projects/Complex/mrtech/fsearch/FPGA/System/System.srcs/sources_1/bd/base_zynq_design/ipshared/xilinx.com/lib_cdc_v1_0/hdl/src/vhdl/cdc_sync.vhd
Duplicated file found; will not be sent for synthesis: c:/Users/Anonymouse/Dropbox/Projects/Complex/mrtech/fsearch/FPGA/System/System.srcs/sources_1/bd/base_zynq_design/ip/base_zynq_design_search_block_0_1/ip/axi_needle_mem_ctrl/axi_bram_ctrl_v4_0_6/hdl/vhdl/srl_fifo.vhd
Duplicated file found; will not be sent for synthesis: c:/Users/Anonymouse/Dropbox/Projects/Complex/mrtech/fsearch/FPGA/System/System.srcs/sources_1/bd/base_zynq_design/ip/base_zynq_design_search_block_0_1/ip/axi_needle_mem_ctrl/axi_bram_ctrl_v4_0_6/hdl/vhdl/axi_bram_ctrl_funcs.vhd
Duplicated file found; will not be sent for synthesis: c:/Users/Anonymouse/Dropbox/Projects/Complex/mrtech/fsearch/FPGA/System/System.srcs/sources_1/bd/base_zynq_design/ip/base_zynq_design_search_block_0_1/ip/axi_needle_mem_ctrl/axi_bram_ctrl_v4_0_6/hdl/vhdl/coregen_comp_defs.vhd
Duplicated file found; will not be sent for synthesis: c:/Users/Anonymouse/Dropbox/Projects/Complex/mrtech/fsearch/FPGA/System/System.srcs/sources_1/bd/base_zynq_design/ip/base_zynq_design_search_block_0_1/ip/axi_needle_mem_ctrl/axi_bram_ctrl_v4_0_6/hdl/vhdl/axi_lite_if.vhd
Duplicated file found; will not be sent for synthesis: c:/Users/Anonymouse/Dropbox/Projects/Complex/mrtech/fsearch/FPGA/System/System.srcs/sources_1/bd/base_zynq_design/ip/base_zynq_design_search_block_0_1/ip/axi_needle_mem_ctrl/axi_bram_ctrl_v4_0_6/hdl/vhdl/checkbit_handler_64.vhd
Duplicated file found; will not be sent for synthesis: c:/Users/Anonymouse/Dropbox/Projects/Complex/mrtech/fsearch/FPGA/System/System.srcs/sources_1/bd/base_zynq_design/ip/base_zynq_design_search_block_0_1/ip/axi_needle_mem_ctrl/axi_bram_ctrl_v4_0_6/hdl/vhdl/checkbit_handler.vhd
Duplicated file found; will not be sent for synthesis: c:/Users/Anonymouse/Dropbox/Projects/Complex/mrtech/fsearch/FPGA/System/System.srcs/sources_1/bd/base_zynq_design/ip/base_zynq_design_search_block_0_1/ip/axi_needle_mem_ctrl/axi_bram_ctrl_v4_0_6/hdl/vhdl/correct_one_bit_64.vhd
Duplicated file found; will not be sent for synthesis: c:/Users/Anonymouse/Dropbox/Projects/Complex/mrtech/fsearch/FPGA/System/System.srcs/sources_1/bd/base_zynq_design/ip/base_zynq_design_search_block_0_1/ip/axi_needle_mem_ctrl/axi_bram_ctrl_v4_0_6/hdl/vhdl/correct_one_bit.vhd
Duplicated file found; will not be sent for synthesis: c:/Users/Anonymouse/Dropbox/Projects/Complex/mrtech/fsearch/FPGA/System/System.srcs/sources_1/bd/base_zynq_design/ip/base_zynq_design_search_block_0_1/ip/axi_needle_mem_ctrl/axi_bram_ctrl_v4_0_6/hdl/vhdl/xor18.vhd
Duplicated file found; will not be sent for synthesis: c:/Users/Anonymouse/Dropbox/Projects/Complex/mrtech/fsearch/FPGA/System/System.srcs/sources_1/bd/base_zynq_design/ip/base_zynq_design_search_block_0_1/ip/axi_needle_mem_ctrl/axi_bram_ctrl_v4_0_6/hdl/vhdl/parity.vhd
Duplicated file found; will not be sent for synthesis: c:/Users/Anonymouse/Dropbox/Projects/Complex/mrtech/fsearch/FPGA/System/System.srcs/sources_1/bd/base_zynq_design/ip/base_zynq_design_search_block_0_1/ip/axi_needle_mem_ctrl/axi_bram_ctrl_v4_0_6/hdl/vhdl/ecc_gen.vhd
Duplicated file found; will not be sent for synthesis: c:/Users/Anonymouse/Dropbox/Projects/Complex/mrtech/fsearch/FPGA/System/System.srcs/sources_1/bd/base_zynq_design/ip/base_zynq_design_search_block_0_1/ip/axi_needle_mem_ctrl/axi_bram_ctrl_v4_0_6/hdl/vhdl/lite_ecc_reg.vhd
Duplicated file found; will not be sent for synthesis: c:/Users/Anonymouse/Dropbox/Projects/Complex/mrtech/fsearch/FPGA/System/System.srcs/sources_1/bd/base_zynq_design/ip/base_zynq_design_search_block_0_1/ip/axi_needle_mem_ctrl/axi_bram_ctrl_v4_0_6/hdl/vhdl/axi_lite.vhd
Duplicated file found; will not be sent for synthesis: c:/Users/Anonymouse/Dropbox/Projects/Complex/mrtech/fsearch/FPGA/System/System.srcs/sources_1/bd/base_zynq_design/ip/base_zynq_design_search_block_0_1/ip/axi_needle_mem_ctrl/axi_bram_ctrl_v4_0_6/hdl/vhdl/sng_port_arb.vhd
Duplicated file found; will not be sent for synthesis: c:/Users/Anonymouse/Dropbox/Projects/Complex/mrtech/fsearch/FPGA/System/System.srcs/sources_1/bd/base_zynq_design/ip/base_zynq_design_search_block_0_1/ip/axi_needle_mem_ctrl/axi_bram_ctrl_v4_0_6/hdl/vhdl/ua_narrow.vhd
Duplicated file found; will not be sent for synthesis: c:/Users/Anonymouse/Dropbox/Projects/Complex/mrtech/fsearch/FPGA/System/System.srcs/sources_1/bd/base_zynq_design/ip/base_zynq_design_search_block_0_1/ip/axi_needle_mem_ctrl/axi_bram_ctrl_v4_0_6/hdl/vhdl/wrap_brst.vhd
Duplicated file found; will not be sent for synthesis: c:/Users/Anonymouse/Dropbox/Projects/Complex/mrtech/fsearch/FPGA/System/System.srcs/sources_1/bd/base_zynq_design/ip/base_zynq_design_search_block_0_1/ip/axi_needle_mem_ctrl/axi_bram_ctrl_v4_0_6/hdl/vhdl/rd_chnl.vhd
Duplicated file found; will not be sent for synthesis: c:/Users/Anonymouse/Dropbox/Projects/Complex/mrtech/fsearch/FPGA/System/System.srcs/sources_1/bd/base_zynq_design/ip/base_zynq_design_search_block_0_1/ip/axi_needle_mem_ctrl/axi_bram_ctrl_v4_0_6/hdl/vhdl/wr_chnl.vhd
Duplicated file found; will not be sent for synthesis: c:/Users/Anonymouse/Dropbox/Projects/Complex/mrtech/fsearch/FPGA/System/System.srcs/sources_1/bd/base_zynq_design/ip/base_zynq_design_search_block_0_1/ip/axi_needle_mem_ctrl/axi_bram_ctrl_v4_0_6/hdl/vhdl/full_axi.vhd
Duplicated file found; will not be sent for synthesis: c:/Users/Anonymouse/Dropbox/Projects/Complex/mrtech/fsearch/FPGA/System/System.srcs/sources_1/bd/base_zynq_design/ip/base_zynq_design_search_block_0_1/ip/axi_needle_mem_ctrl/axi_bram_ctrl_v4_0_6/hdl/vhdl/axi_bram_ctrl_top.vhd
Duplicated file found; will not be sent for synthesis: c:/Users/Anonymouse/Dropbox/Projects/Complex/mrtech/fsearch/FPGA/System/System.srcs/sources_1/bd/base_zynq_design/ip/base_zynq_design_search_block_0_1/ip/axi_needle_mem_ctrl/axi_bram_ctrl_v4_0_6/hdl/vhdl/axi_bram_ctrl.vhd
Duplicated file found; will not be sent for synthesis: c:/Users/Anonymouse/Dropbox/Projects/Complex/mrtech/fsearch/FPGA/System/System.srcs/sources_1/bd/base_zynq_design/ip/base_zynq_design_search_block_0_1/ip/axi_needle_mem_ctrl/blk_mem_gen_v8_3_1/hdl/blk_mem_gen_v8_3_vhsyn_rfs.vhd
Duplicated file found; will not be sent for synthesis: c:/Users/Anonymouse/Dropbox/Projects/Complex/mrtech/fsearch/FPGA/System/System.srcs/sources_1/bd/base_zynq_design/ip/base_zynq_design_search_block_0_1/ip/axi_needle_mem_ctrl/blk_mem_gen_v8_3_1/hdl/blk_mem_gen_v8_3.vhd
Duplicated file found; will not be sent for synthesis: c:/Users/Anonymouse/Dropbox/Projects/Complex/mrtech/fsearch/FPGA/System/System.srcs/sources_1/bd/base_zynq_design/ip/base_zynq_design_search_block_0_1/ip/axi_haystack_mem_ctrl/axi_bram_ctrl_v4_0_6/hdl/vhdl/srl_fifo.vhd
Duplicated file found; will not be sent for synthesis: c:/Users/Anonymouse/Dropbox/Projects/Complex/mrtech/fsearch/FPGA/System/System.srcs/sources_1/bd/base_zynq_design/ip/base_zynq_design_search_block_0_1/ip/axi_haystack_mem_ctrl/axi_bram_ctrl_v4_0_6/hdl/vhdl/axi_bram_ctrl_funcs.vhd
Duplicated file found; will not be sent for synthesis: c:/Users/Anonymouse/Dropbox/Projects/Complex/mrtech/fsearch/FPGA/System/System.srcs/sources_1/bd/base_zynq_design/ip/base_zynq_design_search_block_0_1/ip/axi_haystack_mem_ctrl/axi_bram_ctrl_v4_0_6/hdl/vhdl/coregen_comp_defs.vhd
Duplicated file found; will not be sent for synthesis: c:/Users/Anonymouse/Dropbox/Projects/Complex/mrtech/fsearch/FPGA/System/System.srcs/sources_1/bd/base_zynq_design/ip/base_zynq_design_search_block_0_1/ip/axi_haystack_mem_ctrl/axi_bram_ctrl_v4_0_6/hdl/vhdl/axi_lite_if.vhd
Duplicated file found; will not be sent for synthesis: c:/Users/Anonymouse/Dropbox/Projects/Complex/mrtech/fsearch/FPGA/System/System.srcs/sources_1/bd/base_zynq_design/ip/base_zynq_design_search_block_0_1/ip/axi_haystack_mem_ctrl/axi_bram_ctrl_v4_0_6/hdl/vhdl/checkbit_handler_64.vhd
Duplicated file found; will not be sent for synthesis: c:/Users/Anonymouse/Dropbox/Projects/Complex/mrtech/fsearch/FPGA/System/System.srcs/sources_1/bd/base_zynq_design/ip/base_zynq_design_search_block_0_1/ip/axi_haystack_mem_ctrl/axi_bram_ctrl_v4_0_6/hdl/vhdl/checkbit_handler.vhd
Duplicated file found; will not be sent for synthesis: c:/Users/Anonymouse/Dropbox/Projects/Complex/mrtech/fsearch/FPGA/System/System.srcs/sources_1/bd/base_zynq_design/ip/base_zynq_design_search_block_0_1/ip/axi_haystack_mem_ctrl/axi_bram_ctrl_v4_0_6/hdl/vhdl/correct_one_bit_64.vhd
Duplicated file found; will not be sent for synthesis: c:/Users/Anonymouse/Dropbox/Projects/Complex/mrtech/fsearch/FPGA/System/System.srcs/sources_1/bd/base_zynq_design/ip/base_zynq_design_search_block_0_1/ip/axi_haystack_mem_ctrl/axi_bram_ctrl_v4_0_6/hdl/vhdl/correct_one_bit.vhd
Duplicated file found; will not be sent for synthesis: c:/Users/Anonymouse/Dropbox/Projects/Complex/mrtech/fsearch/FPGA/System/System.srcs/sources_1/bd/base_zynq_design/ip/base_zynq_design_search_block_0_1/ip/axi_haystack_mem_ctrl/axi_bram_ctrl_v4_0_6/hdl/vhdl/xor18.vhd
Duplicated file found; will not be sent for synthesis: c:/Users/Anonymouse/Dropbox/Projects/Complex/mrtech/fsearch/FPGA/System/System.srcs/sources_1/bd/base_zynq_design/ip/base_zynq_design_search_block_0_1/ip/axi_haystack_mem_ctrl/axi_bram_ctrl_v4_0_6/hdl/vhdl/parity.vhd
Duplicated file found; will not be sent for synthesis: c:/Users/Anonymouse/Dropbox/Projects/Complex/mrtech/fsearch/FPGA/System/System.srcs/sources_1/bd/base_zynq_design/ip/base_zynq_design_search_block_0_1/ip/axi_haystack_mem_ctrl/axi_bram_ctrl_v4_0_6/hdl/vhdl/ecc_gen.vhd
Duplicated file found; will not be sent for synthesis: c:/Users/Anonymouse/Dropbox/Projects/Complex/mrtech/fsearch/FPGA/System/System.srcs/sources_1/bd/base_zynq_design/ip/base_zynq_design_search_block_0_1/ip/axi_haystack_mem_ctrl/axi_bram_ctrl_v4_0_6/hdl/vhdl/lite_ecc_reg.vhd
Duplicated file found; will not be sent for synthesis: c:/Users/Anonymouse/Dropbox/Projects/Complex/mrtech/fsearch/FPGA/System/System.srcs/sources_1/bd/base_zynq_design/ip/base_zynq_design_search_block_0_1/ip/axi_haystack_mem_ctrl/axi_bram_ctrl_v4_0_6/hdl/vhdl/axi_lite.vhd
Duplicated file found; will not be sent for synthesis: c:/Users/Anonymouse/Dropbox/Projects/Complex/mrtech/fsearch/FPGA/System/System.srcs/sources_1/bd/base_zynq_design/ip/base_zynq_design_search_block_0_1/ip/axi_haystack_mem_ctrl/axi_bram_ctrl_v4_0_6/hdl/vhdl/sng_port_arb.vhd
Duplicated file found; will not be sent for synthesis: c:/Users/Anonymouse/Dropbox/Projects/Complex/mrtech/fsearch/FPGA/System/System.srcs/sources_1/bd/base_zynq_design/ip/base_zynq_design_search_block_0_1/ip/axi_haystack_mem_ctrl/axi_bram_ctrl_v4_0_6/hdl/vhdl/ua_narrow.vhd
Duplicated file found; will not be sent for synthesis: c:/Users/Anonymouse/Dropbox/Projects/Complex/mrtech/fsearch/FPGA/System/System.srcs/sources_1/bd/base_zynq_design/ip/base_zynq_design_search_block_0_1/ip/axi_haystack_mem_ctrl/axi_bram_ctrl_v4_0_6/hdl/vhdl/wrap_brst.vhd
Duplicated file found; will not be sent for synthesis: c:/Users/Anonymouse/Dropbox/Projects/Complex/mrtech/fsearch/FPGA/System/System.srcs/sources_1/bd/base_zynq_design/ip/base_zynq_design_search_block_0_1/ip/axi_haystack_mem_ctrl/axi_bram_ctrl_v4_0_6/hdl/vhdl/rd_chnl.vhd
Duplicated file found; will not be sent for synthesis: c:/Users/Anonymouse/Dropbox/Projects/Complex/mrtech/fsearch/FPGA/System/System.srcs/sources_1/bd/base_zynq_design/ip/base_zynq_design_search_block_0_1/ip/axi_haystack_mem_ctrl/axi_bram_ctrl_v4_0_6/hdl/vhdl/wr_chnl.vhd
Duplicated file found; will not be sent for synthesis: c:/Users/Anonymouse/Dropbox/Projects/Complex/mrtech/fsearch/FPGA/System/System.srcs/sources_1/bd/base_zynq_design/ip/base_zynq_design_search_block_0_1/ip/axi_haystack_mem_ctrl/axi_bram_ctrl_v4_0_6/hdl/vhdl/full_axi.vhd
Duplicated file found; will not be sent for synthesis: c:/Users/Anonymouse/Dropbox/Projects/Complex/mrtech/fsearch/FPGA/System/System.srcs/sources_1/bd/base_zynq_design/ip/base_zynq_design_search_block_0_1/ip/axi_haystack_mem_ctrl/axi_bram_ctrl_v4_0_6/hdl/vhdl/axi_bram_ctrl_top.vhd
Duplicated file found; will not be sent for synthesis: c:/Users/Anonymouse/Dropbox/Projects/Complex/mrtech/fsearch/FPGA/System/System.srcs/sources_1/bd/base_zynq_design/ip/base_zynq_design_search_block_0_1/ip/axi_haystack_mem_ctrl/axi_bram_ctrl_v4_0_6/hdl/vhdl/axi_bram_ctrl.vhd
Duplicated file found; will not be sent for synthesis: c:/Users/Anonymouse/Dropbox/Projects/Complex/mrtech/fsearch/FPGA/System/System.srcs/sources_1/bd/base_zynq_design/ip/base_zynq_design_search_block_0_1/ip/axi_haystack_mem_ctrl/blk_mem_gen_v8_3_1/hdl/blk_mem_gen_v8_3_vhsyn_rfs.vhd
Duplicated file found; will not be sent for synthesis: c:/Users/Anonymouse/Dropbox/Projects/Complex/mrtech/fsearch/FPGA/System/System.srcs/sources_1/bd/base_zynq_design/ip/base_zynq_design_search_block_0_1/ip/axi_haystack_mem_ctrl/blk_mem_gen_v8_3_1/hdl/blk_mem_gen_v8_3.vhd
Duplicated file found; will not be sent for synthesis: c:/Users/Anonymouse/Dropbox/Projects/Complex/mrtech/fsearch/FPGA/System/System.srcs/sources_1/bd/base_zynq_design/ip/base_zynq_design_search_block_0_1/ip/needle_mem/blk_mem_gen_v8_3_1/hdl/blk_mem_gen_v8_3_vhsyn_rfs.vhd
Duplicated file found; will not be sent for synthesis: c:/Users/Anonymouse/Dropbox/Projects/Complex/mrtech/fsearch/FPGA/System/System.srcs/sources_1/bd/base_zynq_design/ip/base_zynq_design_search_block_0_1/ip/needle_mem/blk_mem_gen_v8_3_1/hdl/blk_mem_gen_v8_3.vhd
Duplicated file found; will not be sent for synthesis: c:/Users/Anonymouse/Dropbox/Projects/Complex/mrtech/fsearch/FPGA/System/System.srcs/sources_1/bd/base_zynq_design/ip/base_zynq_design_search_block_0_1/ip/haystack_mem/blk_mem_gen_v8_3_1/hdl/blk_mem_gen_v8_3_vhsyn_rfs.vhd
Duplicated file found; will not be sent for synthesis: c:/Users/Anonymouse/Dropbox/Projects/Complex/mrtech/fsearch/FPGA/System/System.srcs/sources_1/bd/base_zynq_design/ip/base_zynq_design_search_block_0_1/ip/haystack_mem/blk_mem_gen_v8_3_1/hdl/blk_mem_gen_v8_3.vhd
Duplicated file found; will not be sent for synthesis: c:/Users/Anonymouse/Dropbox/Projects/Complex/mrtech/fsearch/FPGA/System/System.srcs/sources_1/bd/base_zynq_design/ipshared/xilinx.com/blk_mem_gen_v8_3/hdl/blk_mem_gen_v8_3_vhsyn_rfs.vhd
Duplicated file found; will not be sent for synthesis: c:/Users/Anonymouse/Dropbox/Projects/Complex/mrtech/fsearch/FPGA/System/System.srcs/sources_1/bd/base_zynq_design/ipshared/xilinx.com/blk_mem_gen_v8_3/hdl/blk_mem_gen_v8_3.vhd
Duplicated file found; will not be sent for synthesis: c:/Users/Anonymouse/Dropbox/Projects/Complex/mrtech/fsearch/FPGA/System/System.srcs/sources_1/bd/base_zynq_design/ipshared/xilinx.com/generic_baseblocks_v2_1/hdl/verilog/generic_baseblocks_v2_1_carry_and.v
Duplicated file found; will not be sent for synthesis: c:/Users/Anonymouse/Dropbox/Projects/Complex/mrtech/fsearch/FPGA/System/System.srcs/sources_1/bd/base_zynq_design/ipshared/xilinx.com/generic_baseblocks_v2_1/hdl/verilog/generic_baseblocks_v2_1_carry_latch_and.v
Duplicated file found; will not be sent for synthesis: c:/Users/Anonymouse/Dropbox/Projects/Complex/mrtech/fsearch/FPGA/System/System.srcs/sources_1/bd/base_zynq_design/ipshared/xilinx.com/generic_baseblocks_v2_1/hdl/verilog/generic_baseblocks_v2_1_carry_latch_or.v
Duplicated file found; will not be sent for synthesis: c:/Users/Anonymouse/Dropbox/Projects/Complex/mrtech/fsearch/FPGA/System/System.srcs/sources_1/bd/base_zynq_design/ipshared/xilinx.com/generic_baseblocks_v2_1/hdl/verilog/generic_baseblocks_v2_1_carry_or.v
Duplicated file found; will not be sent for synthesis: c:/Users/Anonymouse/Dropbox/Projects/Complex/mrtech/fsearch/FPGA/System/System.srcs/sources_1/bd/base_zynq_design/ipshared/xilinx.com/generic_baseblocks_v2_1/hdl/verilog/generic_baseblocks_v2_1_carry.v
Duplicated file found; will not be sent for synthesis: c:/Users/Anonymouse/Dropbox/Projects/Complex/mrtech/fsearch/FPGA/System/System.srcs/sources_1/bd/base_zynq_design/ipshared/xilinx.com/generic_baseblocks_v2_1/hdl/verilog/generic_baseblocks_v2_1_command_fifo.v
Duplicated file found; will not be sent for synthesis: c:/Users/Anonymouse/Dropbox/Projects/Complex/mrtech/fsearch/FPGA/System/System.srcs/sources_1/bd/base_zynq_design/ipshared/xilinx.com/generic_baseblocks_v2_1/hdl/verilog/generic_baseblocks_v2_1_comparator_mask_static.v
Duplicated file found; will not be sent for synthesis: c:/Users/Anonymouse/Dropbox/Projects/Complex/mrtech/fsearch/FPGA/System/System.srcs/sources_1/bd/base_zynq_design/ipshared/xilinx.com/generic_baseblocks_v2_1/hdl/verilog/generic_baseblocks_v2_1_comparator_mask.v
Duplicated file found; will not be sent for synthesis: c:/Users/Anonymouse/Dropbox/Projects/Complex/mrtech/fsearch/FPGA/System/System.srcs/sources_1/bd/base_zynq_design/ipshared/xilinx.com/generic_baseblocks_v2_1/hdl/verilog/generic_baseblocks_v2_1_comparator_sel_mask_static.v
Duplicated file found; will not be sent for synthesis: c:/Users/Anonymouse/Dropbox/Projects/Complex/mrtech/fsearch/FPGA/System/System.srcs/sources_1/bd/base_zynq_design/ipshared/xilinx.com/generic_baseblocks_v2_1/hdl/verilog/generic_baseblocks_v2_1_comparator_sel_mask.v
Duplicated file found; will not be sent for synthesis: c:/Users/Anonymouse/Dropbox/Projects/Complex/mrtech/fsearch/FPGA/System/System.srcs/sources_1/bd/base_zynq_design/ipshared/xilinx.com/generic_baseblocks_v2_1/hdl/verilog/generic_baseblocks_v2_1_comparator_sel_static.v
Duplicated file found; will not be sent for synthesis: c:/Users/Anonymouse/Dropbox/Projects/Complex/mrtech/fsearch/FPGA/System/System.srcs/sources_1/bd/base_zynq_design/ipshared/xilinx.com/generic_baseblocks_v2_1/hdl/verilog/generic_baseblocks_v2_1_comparator_sel.v
Duplicated file found; will not be sent for synthesis: c:/Users/Anonymouse/Dropbox/Projects/Complex/mrtech/fsearch/FPGA/System/System.srcs/sources_1/bd/base_zynq_design/ipshared/xilinx.com/generic_baseblocks_v2_1/hdl/verilog/generic_baseblocks_v2_1_comparator_static.v
Duplicated file found; will not be sent for synthesis: c:/Users/Anonymouse/Dropbox/Projects/Complex/mrtech/fsearch/FPGA/System/System.srcs/sources_1/bd/base_zynq_design/ipshared/xilinx.com/generic_baseblocks_v2_1/hdl/verilog/generic_baseblocks_v2_1_comparator.v
Duplicated file found; will not be sent for synthesis: c:/Users/Anonymouse/Dropbox/Projects/Complex/mrtech/fsearch/FPGA/System/System.srcs/sources_1/bd/base_zynq_design/ipshared/xilinx.com/generic_baseblocks_v2_1/hdl/verilog/generic_baseblocks_v2_1_mux_enc.v
Duplicated file found; will not be sent for synthesis: c:/Users/Anonymouse/Dropbox/Projects/Complex/mrtech/fsearch/FPGA/System/System.srcs/sources_1/bd/base_zynq_design/ipshared/xilinx.com/generic_baseblocks_v2_1/hdl/verilog/generic_baseblocks_v2_1_mux.v
Duplicated file found; will not be sent for synthesis: c:/Users/Anonymouse/Dropbox/Projects/Complex/mrtech/fsearch/FPGA/System/System.srcs/sources_1/bd/base_zynq_design/ipshared/xilinx.com/generic_baseblocks_v2_1/hdl/verilog/generic_baseblocks_v2_1_nto1_mux.v
Duplicated file found; will not be sent for synthesis: c:/Users/Anonymouse/Dropbox/Projects/Complex/mrtech/fsearch/FPGA/System/System.srcs/sources_1/bd/base_zynq_design/ipshared/xilinx.com/axi_data_fifo_v2_1/hdl/verilog/axi_data_fifo_v2_1_axic_fifo.v
Duplicated file found; will not be sent for synthesis: c:/Users/Anonymouse/Dropbox/Projects/Complex/mrtech/fsearch/FPGA/System/System.srcs/sources_1/bd/base_zynq_design/ipshared/xilinx.com/axi_data_fifo_v2_1/hdl/verilog/axi_data_fifo_v2_1_fifo_gen.v
Duplicated file found; will not be sent for synthesis: c:/Users/Anonymouse/Dropbox/Projects/Complex/mrtech/fsearch/FPGA/System/System.srcs/sources_1/bd/base_zynq_design/ipshared/xilinx.com/axi_data_fifo_v2_1/hdl/verilog/axi_data_fifo_v2_1_axic_srl_fifo.v
Duplicated file found; will not be sent for synthesis: c:/Users/Anonymouse/Dropbox/Projects/Complex/mrtech/fsearch/FPGA/System/System.srcs/sources_1/bd/base_zynq_design/ipshared/xilinx.com/axi_data_fifo_v2_1/hdl/verilog/axi_data_fifo_v2_1_axic_reg_srl_fifo.v
Duplicated file found; will not be sent for synthesis: c:/Users/Anonymouse/Dropbox/Projects/Complex/mrtech/fsearch/FPGA/System/System.srcs/sources_1/bd/base_zynq_design/ipshared/xilinx.com/axi_data_fifo_v2_1/hdl/verilog/axi_data_fifo_v2_1_ndeep_srl.v
Duplicated file found; will not be sent for synthesis: c:/Users/Anonymouse/Dropbox/Projects/Complex/mrtech/fsearch/FPGA/System/System.srcs/sources_1/bd/base_zynq_design/ipshared/xilinx.com/axi_data_fifo_v2_1/hdl/verilog/axi_data_fifo_v2_1_axi_data_fifo.v
Duplicated file found; will not be sent for synthesis: c:/Users/Anonymouse/Dropbox/Projects/Complex/mrtech/fsearch/FPGA/System/System.srcs/sources_1/bd/base_zynq_design/ipshared/xilinx.com/axi_infrastructure_v1_1/hdl/verilog/axi_infrastructure_v1_1_0_header.vh
Duplicated file found; will not be sent for synthesis: c:/Users/Anonymouse/Dropbox/Projects/Complex/mrtech/fsearch/FPGA/System/System.srcs/sources_1/bd/base_zynq_design/ipshared/xilinx.com/axi_infrastructure_v1_1/hdl/verilog/axi_infrastructure_v1_1_axi2vector.v
Duplicated file found; will not be sent for synthesis: c:/Users/Anonymouse/Dropbox/Projects/Complex/mrtech/fsearch/FPGA/System/System.srcs/sources_1/bd/base_zynq_design/ipshared/xilinx.com/axi_infrastructure_v1_1/hdl/verilog/axi_infrastructure_v1_1_axic_srl_fifo.v
Duplicated file found; will not be sent for synthesis: c:/Users/Anonymouse/Dropbox/Projects/Complex/mrtech/fsearch/FPGA/System/System.srcs/sources_1/bd/base_zynq_design/ipshared/xilinx.com/axi_infrastructure_v1_1/hdl/verilog/axi_infrastructure_v1_1_vector2axi.v
Duplicated file found; will not be sent for synthesis: c:/Users/Anonymouse/Dropbox/Projects/Complex/mrtech/fsearch/FPGA/System/System.srcs/sources_1/bd/base_zynq_design/ipshared/xilinx.com/axi_register_slice_v2_1/hdl/verilog/axi_register_slice_v2_1_axic_register_slice.v
Duplicated file found; will not be sent for synthesis: c:/Users/Anonymouse/Dropbox/Projects/Complex/mrtech/fsearch/FPGA/System/System.srcs/sources_1/bd/base_zynq_design/ipshared/xilinx.com/axi_register_slice_v2_1/hdl/verilog/axi_register_slice_v2_1_axi_register_slice.v
Duplicated file found; will not be sent for synthesis: c:/Users/Anonymouse/Dropbox/Projects/Complex/mrtech/fsearch/FPGA/System/System.srcs/sources_1/bd/base_zynq_design/ipshared/xilinx.com/blk_mem_gen_v8_3/hdl/blk_mem_gen_v8_3_vhsyn_rfs.vhd
Duplicated file found; will not be sent for synthesis: c:/Users/Anonymouse/Dropbox/Projects/Complex/mrtech/fsearch/FPGA/System/System.srcs/sources_1/bd/base_zynq_design/ipshared/xilinx.com/blk_mem_gen_v8_3/hdl/blk_mem_gen_v8_3.vhd
Duplicated file found; will not be sent for synthesis: c:/Users/Anonymouse/Dropbox/Projects/Complex/mrtech/fsearch/FPGA/System/System.srcs/sources_1/bd/base_zynq_design/ipshared/xilinx.com/fifo_generator_v13_0/hdl/fifo_generator_v13_0_vhsyn_rfs.vhd
Duplicated file found; will not be sent for synthesis: c:/Users/Anonymouse/Dropbox/Projects/Complex/mrtech/fsearch/FPGA/System/System.srcs/sources_1/bd/base_zynq_design/ipshared/xilinx.com/fifo_generator_v13_0/hdl/fifo_generator_v13_0.vhd
Duplicated file found; will not be sent for synthesis: c:/Users/Anonymouse/Dropbox/Projects/Complex/mrtech/fsearch/FPGA/System/System.srcs/sources_1/bd/base_zynq_design/ipshared/xilinx.com/generic_baseblocks_v2_1/hdl/verilog/generic_baseblocks_v2_1_carry_and.v
Duplicated file found; will not be sent for synthesis: c:/Users/Anonymouse/Dropbox/Projects/Complex/mrtech/fsearch/FPGA/System/System.srcs/sources_1/bd/base_zynq_design/ipshared/xilinx.com/generic_baseblocks_v2_1/hdl/verilog/generic_baseblocks_v2_1_carry_latch_and.v
Duplicated file found; will not be sent for synthesis: c:/Users/Anonymouse/Dropbox/Projects/Complex/mrtech/fsearch/FPGA/System/System.srcs/sources_1/bd/base_zynq_design/ipshared/xilinx.com/generic_baseblocks_v2_1/hdl/verilog/generic_baseblocks_v2_1_carry_latch_or.v
Duplicated file found; will not be sent for synthesis: c:/Users/Anonymouse/Dropbox/Projects/Complex/mrtech/fsearch/FPGA/System/System.srcs/sources_1/bd/base_zynq_design/ipshared/xilinx.com/generic_baseblocks_v2_1/hdl/verilog/generic_baseblocks_v2_1_carry_or.v
Duplicated file found; will not be sent for synthesis: c:/Users/Anonymouse/Dropbox/Projects/Complex/mrtech/fsearch/FPGA/System/System.srcs/sources_1/bd/base_zynq_design/ipshared/xilinx.com/generic_baseblocks_v2_1/hdl/verilog/generic_baseblocks_v2_1_carry.v
Duplicated file found; will not be sent for synthesis: c:/Users/Anonymouse/Dropbox/Projects/Complex/mrtech/fsearch/FPGA/System/System.srcs/sources_1/bd/base_zynq_design/ipshared/xilinx.com/generic_baseblocks_v2_1/hdl/verilog/generic_baseblocks_v2_1_command_fifo.v
Duplicated file found; will not be sent for synthesis: c:/Users/Anonymouse/Dropbox/Projects/Complex/mrtech/fsearch/FPGA/System/System.srcs/sources_1/bd/base_zynq_design/ipshared/xilinx.com/generic_baseblocks_v2_1/hdl/verilog/generic_baseblocks_v2_1_comparator_mask_static.v
Duplicated file found; will not be sent for synthesis: c:/Users/Anonymouse/Dropbox/Projects/Complex/mrtech/fsearch/FPGA/System/System.srcs/sources_1/bd/base_zynq_design/ipshared/xilinx.com/generic_baseblocks_v2_1/hdl/verilog/generic_baseblocks_v2_1_comparator_mask.v
Duplicated file found; will not be sent for synthesis: c:/Users/Anonymouse/Dropbox/Projects/Complex/mrtech/fsearch/FPGA/System/System.srcs/sources_1/bd/base_zynq_design/ipshared/xilinx.com/generic_baseblocks_v2_1/hdl/verilog/generic_baseblocks_v2_1_comparator_sel_mask_static.v
Duplicated file found; will not be sent for synthesis: c:/Users/Anonymouse/Dropbox/Projects/Complex/mrtech/fsearch/FPGA/System/System.srcs/sources_1/bd/base_zynq_design/ipshared/xilinx.com/generic_baseblocks_v2_1/hdl/verilog/generic_baseblocks_v2_1_comparator_sel_mask.v
Duplicated file found; will not be sent for synthesis: c:/Users/Anonymouse/Dropbox/Projects/Complex/mrtech/fsearch/FPGA/System/System.srcs/sources_1/bd/base_zynq_design/ipshared/xilinx.com/generic_baseblocks_v2_1/hdl/verilog/generic_baseblocks_v2_1_comparator_sel_static.v
Duplicated file found; will not be sent for synthesis: c:/Users/Anonymouse/Dropbox/Projects/Complex/mrtech/fsearch/FPGA/System/System.srcs/sources_1/bd/base_zynq_design/ipshared/xilinx.com/generic_baseblocks_v2_1/hdl/verilog/generic_baseblocks_v2_1_comparator_sel.v
Duplicated file found; will not be sent for synthesis: c:/Users/Anonymouse/Dropbox/Projects/Complex/mrtech/fsearch/FPGA/System/System.srcs/sources_1/bd/base_zynq_design/ipshared/xilinx.com/generic_baseblocks_v2_1/hdl/verilog/generic_baseblocks_v2_1_comparator_static.v
Duplicated file found; will not be sent for synthesis: c:/Users/Anonymouse/Dropbox/Projects/Complex/mrtech/fsearch/FPGA/System/System.srcs/sources_1/bd/base_zynq_design/ipshared/xilinx.com/generic_baseblocks_v2_1/hdl/verilog/generic_baseblocks_v2_1_comparator.v
Duplicated file found; will not be sent for synthesis: c:/Users/Anonymouse/Dropbox/Projects/Complex/mrtech/fsearch/FPGA/System/System.srcs/sources_1/bd/base_zynq_design/ipshared/xilinx.com/generic_baseblocks_v2_1/hdl/verilog/generic_baseblocks_v2_1_mux_enc.v
Duplicated file found; will not be sent for synthesis: c:/Users/Anonymouse/Dropbox/Projects/Complex/mrtech/fsearch/FPGA/System/System.srcs/sources_1/bd/base_zynq_design/ipshared/xilinx.com/generic_baseblocks_v2_1/hdl/verilog/generic_baseblocks_v2_1_mux.v
Duplicated file found; will not be sent for synthesis: c:/Users/Anonymouse/Dropbox/Projects/Complex/mrtech/fsearch/FPGA/System/System.srcs/sources_1/bd/base_zynq_design/ipshared/xilinx.com/generic_baseblocks_v2_1/hdl/verilog/generic_baseblocks_v2_1_nto1_mux.v
Duplicated file found; will not be sent for synthesis: c:/Users/Anonymouse/Dropbox/Projects/Complex/mrtech/fsearch/FPGA/System/System.srcs/sources_1/bd/base_zynq_design/ipshared/xilinx.com/axi_data_fifo_v2_1/hdl/verilog/axi_data_fifo_v2_1_axic_fifo.v
Duplicated file found; will not be sent for synthesis: c:/Users/Anonymouse/Dropbox/Projects/Complex/mrtech/fsearch/FPGA/System/System.srcs/sources_1/bd/base_zynq_design/ipshared/xilinx.com/axi_data_fifo_v2_1/hdl/verilog/axi_data_fifo_v2_1_fifo_gen.v
Duplicated file found; will not be sent for synthesis: c:/Users/Anonymouse/Dropbox/Projects/Complex/mrtech/fsearch/FPGA/System/System.srcs/sources_1/bd/base_zynq_design/ipshared/xilinx.com/axi_data_fifo_v2_1/hdl/verilog/axi_data_fifo_v2_1_axic_srl_fifo.v
Duplicated file found; will not be sent for synthesis: c:/Users/Anonymouse/Dropbox/Projects/Complex/mrtech/fsearch/FPGA/System/System.srcs/sources_1/bd/base_zynq_design/ipshared/xilinx.com/axi_data_fifo_v2_1/hdl/verilog/axi_data_fifo_v2_1_axic_reg_srl_fifo.v
Duplicated file found; will not be sent for synthesis: c:/Users/Anonymouse/Dropbox/Projects/Complex/mrtech/fsearch/FPGA/System/System.srcs/sources_1/bd/base_zynq_design/ipshared/xilinx.com/axi_data_fifo_v2_1/hdl/verilog/axi_data_fifo_v2_1_ndeep_srl.v
Duplicated file found; will not be sent for synthesis: c:/Users/Anonymouse/Dropbox/Projects/Complex/mrtech/fsearch/FPGA/System/System.srcs/sources_1/bd/base_zynq_design/ipshared/xilinx.com/axi_data_fifo_v2_1/hdl/verilog/axi_data_fifo_v2_1_axi_data_fifo.v
Duplicated file found; will not be sent for synthesis: c:/Users/Anonymouse/Dropbox/Projects/Complex/mrtech/fsearch/FPGA/System/System.srcs/sources_1/bd/base_zynq_design/ipshared/xilinx.com/axi_infrastructure_v1_1/hdl/verilog/axi_infrastructure_v1_1_0_header.vh
Duplicated file found; will not be sent for synthesis: c:/Users/Anonymouse/Dropbox/Projects/Complex/mrtech/fsearch/FPGA/System/System.srcs/sources_1/bd/base_zynq_design/ipshared/xilinx.com/axi_infrastructure_v1_1/hdl/verilog/axi_infrastructure_v1_1_axi2vector.v
Duplicated file found; will not be sent for synthesis: c:/Users/Anonymouse/Dropbox/Projects/Complex/mrtech/fsearch/FPGA/System/System.srcs/sources_1/bd/base_zynq_design/ipshared/xilinx.com/axi_infrastructure_v1_1/hdl/verilog/axi_infrastructure_v1_1_axic_srl_fifo.v
Duplicated file found; will not be sent for synthesis: c:/Users/Anonymouse/Dropbox/Projects/Complex/mrtech/fsearch/FPGA/System/System.srcs/sources_1/bd/base_zynq_design/ipshared/xilinx.com/axi_infrastructure_v1_1/hdl/verilog/axi_infrastructure_v1_1_vector2axi.v
Duplicated file found; will not be sent for synthesis: c:/Users/Anonymouse/Dropbox/Projects/Complex/mrtech/fsearch/FPGA/System/System.srcs/sources_1/bd/base_zynq_design/ipshared/xilinx.com/axi_register_slice_v2_1/hdl/verilog/axi_register_slice_v2_1_axic_register_slice.v
Duplicated file found; will not be sent for synthesis: c:/Users/Anonymouse/Dropbox/Projects/Complex/mrtech/fsearch/FPGA/System/System.srcs/sources_1/bd/base_zynq_design/ipshared/xilinx.com/axi_register_slice_v2_1/hdl/verilog/axi_register_slice_v2_1_axi_register_slice.v
Duplicated file found; will not be sent for synthesis: c:/Users/Anonymouse/Dropbox/Projects/Complex/mrtech/fsearch/FPGA/System/System.srcs/sources_1/bd/base_zynq_design/ipshared/xilinx.com/axi_protocol_converter_v2_1/hdl/verilog/axi_protocol_converter_v2_1_a_axi3_conv.v
Duplicated file found; will not be sent for synthesis: c:/Users/Anonymouse/Dropbox/Projects/Complex/mrtech/fsearch/FPGA/System/System.srcs/sources_1/bd/base_zynq_design/ipshared/xilinx.com/axi_protocol_converter_v2_1/hdl/verilog/axi_protocol_converter_v2_1_axi3_conv.v
Duplicated file found; will not be sent for synthesis: c:/Users/Anonymouse/Dropbox/Projects/Complex/mrtech/fsearch/FPGA/System/System.srcs/sources_1/bd/base_zynq_design/ipshared/xilinx.com/axi_protocol_converter_v2_1/hdl/verilog/axi_protocol_converter_v2_1_axilite_conv.v
Duplicated file found; will not be sent for synthesis: c:/Users/Anonymouse/Dropbox/Projects/Complex/mrtech/fsearch/FPGA/System/System.srcs/sources_1/bd/base_zynq_design/ipshared/xilinx.com/axi_protocol_converter_v2_1/hdl/verilog/axi_protocol_converter_v2_1_r_axi3_conv.v
Duplicated file found; will not be sent for synthesis: c:/Users/Anonymouse/Dropbox/Projects/Complex/mrtech/fsearch/FPGA/System/System.srcs/sources_1/bd/base_zynq_design/ipshared/xilinx.com/axi_protocol_converter_v2_1/hdl/verilog/axi_protocol_converter_v2_1_w_axi3_conv.v
Duplicated file found; will not be sent for synthesis: c:/Users/Anonymouse/Dropbox/Projects/Complex/mrtech/fsearch/FPGA/System/System.srcs/sources_1/bd/base_zynq_design/ipshared/xilinx.com/axi_protocol_converter_v2_1/hdl/verilog/axi_protocol_converter_v2_1_b_downsizer.v
Duplicated file found; will not be sent for synthesis: c:/Users/Anonymouse/Dropbox/Projects/Complex/mrtech/fsearch/FPGA/System/System.srcs/sources_1/bd/base_zynq_design/ipshared/xilinx.com/axi_protocol_converter_v2_1/hdl/verilog/axi_protocol_converter_v2_1_decerr_slave.v
Duplicated file found; will not be sent for synthesis: c:/Users/Anonymouse/Dropbox/Projects/Complex/mrtech/fsearch/FPGA/System/System.srcs/sources_1/bd/base_zynq_design/ipshared/xilinx.com/axi_protocol_converter_v2_1/hdl/verilog/axi_protocol_converter_v2_1_b2s_simple_fifo.v
Duplicated file found; will not be sent for synthesis: c:/Users/Anonymouse/Dropbox/Projects/Complex/mrtech/fsearch/FPGA/System/System.srcs/sources_1/bd/base_zynq_design/ipshared/xilinx.com/axi_protocol_converter_v2_1/hdl/verilog/axi_protocol_converter_v2_1_b2s_wrap_cmd.v
Duplicated file found; will not be sent for synthesis: c:/Users/Anonymouse/Dropbox/Projects/Complex/mrtech/fsearch/FPGA/System/System.srcs/sources_1/bd/base_zynq_design/ipshared/xilinx.com/axi_protocol_converter_v2_1/hdl/verilog/axi_protocol_converter_v2_1_b2s_incr_cmd.v
Duplicated file found; will not be sent for synthesis: c:/Users/Anonymouse/Dropbox/Projects/Complex/mrtech/fsearch/FPGA/System/System.srcs/sources_1/bd/base_zynq_design/ipshared/xilinx.com/axi_protocol_converter_v2_1/hdl/verilog/axi_protocol_converter_v2_1_b2s_wr_cmd_fsm.v
Duplicated file found; will not be sent for synthesis: c:/Users/Anonymouse/Dropbox/Projects/Complex/mrtech/fsearch/FPGA/System/System.srcs/sources_1/bd/base_zynq_design/ipshared/xilinx.com/axi_protocol_converter_v2_1/hdl/verilog/axi_protocol_converter_v2_1_b2s_rd_cmd_fsm.v
Duplicated file found; will not be sent for synthesis: c:/Users/Anonymouse/Dropbox/Projects/Complex/mrtech/fsearch/FPGA/System/System.srcs/sources_1/bd/base_zynq_design/ipshared/xilinx.com/axi_protocol_converter_v2_1/hdl/verilog/axi_protocol_converter_v2_1_b2s_cmd_translator.v
Duplicated file found; will not be sent for synthesis: c:/Users/Anonymouse/Dropbox/Projects/Complex/mrtech/fsearch/FPGA/System/System.srcs/sources_1/bd/base_zynq_design/ipshared/xilinx.com/axi_protocol_converter_v2_1/hdl/verilog/axi_protocol_converter_v2_1_b2s_b_channel.v
Duplicated file found; will not be sent for synthesis: c:/Users/Anonymouse/Dropbox/Projects/Complex/mrtech/fsearch/FPGA/System/System.srcs/sources_1/bd/base_zynq_design/ipshared/xilinx.com/axi_protocol_converter_v2_1/hdl/verilog/axi_protocol_converter_v2_1_b2s_r_channel.v
Duplicated file found; will not be sent for synthesis: c:/Users/Anonymouse/Dropbox/Projects/Complex/mrtech/fsearch/FPGA/System/System.srcs/sources_1/bd/base_zynq_design/ipshared/xilinx.com/axi_protocol_converter_v2_1/hdl/verilog/axi_protocol_converter_v2_1_b2s_aw_channel.v
Duplicated file found; will not be sent for synthesis: c:/Users/Anonymouse/Dropbox/Projects/Complex/mrtech/fsearch/FPGA/System/System.srcs/sources_1/bd/base_zynq_design/ipshared/xilinx.com/axi_protocol_converter_v2_1/hdl/verilog/axi_protocol_converter_v2_1_b2s_ar_channel.v
Duplicated file found; will not be sent for synthesis: c:/Users/Anonymouse/Dropbox/Projects/Complex/mrtech/fsearch/FPGA/System/System.srcs/sources_1/bd/base_zynq_design/ipshared/xilinx.com/axi_protocol_converter_v2_1/hdl/verilog/axi_protocol_converter_v2_1_b2s.v
Duplicated file found; will not be sent for synthesis: c:/Users/Anonymouse/Dropbox/Projects/Complex/mrtech/fsearch/FPGA/System/System.srcs/sources_1/bd/base_zynq_design/ipshared/xilinx.com/axi_protocol_converter_v2_1/hdl/verilog/axi_protocol_converter_v2_1_axi_protocol_converter.v
Duplicated file found; will not be sent for synthesis: c:/Users/Anonymouse/Dropbox/Projects/Complex/mrtech/fsearch/FPGA/System/System.srcs/sources_1/bd/base_zynq_design/ipshared/xilinx.com/blk_mem_gen_v8_3/hdl/blk_mem_gen_v8_3_vhsyn_rfs.vhd
Duplicated file found; will not be sent for synthesis: c:/Users/Anonymouse/Dropbox/Projects/Complex/mrtech/fsearch/FPGA/System/System.srcs/sources_1/bd/base_zynq_design/ipshared/xilinx.com/blk_mem_gen_v8_3/hdl/blk_mem_gen_v8_3.vhd
Duplicated file found; will not be sent for synthesis: c:/Users/Anonymouse/Dropbox/Projects/Complex/mrtech/fsearch/FPGA/System/System.srcs/sources_1/bd/base_zynq_design/ipshared/xilinx.com/fifo_generator_v13_0/hdl/fifo_generator_v13_0_vhsyn_rfs.vhd
Duplicated file found; will not be sent for synthesis: c:/Users/Anonymouse/Dropbox/Projects/Complex/mrtech/fsearch/FPGA/System/System.srcs/sources_1/bd/base_zynq_design/ipshared/xilinx.com/fifo_generator_v13_0/hdl/fifo_generator_v13_0.vhd
Duplicated file found; will not be sent for synthesis: c:/Users/Anonymouse/Dropbox/Projects/Complex/mrtech/fsearch/FPGA/System/System.srcs/sources_1/bd/base_zynq_design/ipshared/xilinx.com/generic_baseblocks_v2_1/hdl/verilog/generic_baseblocks_v2_1_carry_and.v
Duplicated file found; will not be sent for synthesis: c:/Users/Anonymouse/Dropbox/Projects/Complex/mrtech/fsearch/FPGA/System/System.srcs/sources_1/bd/base_zynq_design/ipshared/xilinx.com/generic_baseblocks_v2_1/hdl/verilog/generic_baseblocks_v2_1_carry_latch_and.v
Duplicated file found; will not be sent for synthesis: c:/Users/Anonymouse/Dropbox/Projects/Complex/mrtech/fsearch/FPGA/System/System.srcs/sources_1/bd/base_zynq_design/ipshared/xilinx.com/generic_baseblocks_v2_1/hdl/verilog/generic_baseblocks_v2_1_carry_latch_or.v
Duplicated file found; will not be sent for synthesis: c:/Users/Anonymouse/Dropbox/Projects/Complex/mrtech/fsearch/FPGA/System/System.srcs/sources_1/bd/base_zynq_design/ipshared/xilinx.com/generic_baseblocks_v2_1/hdl/verilog/generic_baseblocks_v2_1_carry_or.v
Duplicated file found; will not be sent for synthesis: c:/Users/Anonymouse/Dropbox/Projects/Complex/mrtech/fsearch/FPGA/System/System.srcs/sources_1/bd/base_zynq_design/ipshared/xilinx.com/generic_baseblocks_v2_1/hdl/verilog/generic_baseblocks_v2_1_carry.v
Duplicated file found; will not be sent for synthesis: c:/Users/Anonymouse/Dropbox/Projects/Complex/mrtech/fsearch/FPGA/System/System.srcs/sources_1/bd/base_zynq_design/ipshared/xilinx.com/generic_baseblocks_v2_1/hdl/verilog/generic_baseblocks_v2_1_command_fifo.v
Duplicated file found; will not be sent for synthesis: c:/Users/Anonymouse/Dropbox/Projects/Complex/mrtech/fsearch/FPGA/System/System.srcs/sources_1/bd/base_zynq_design/ipshared/xilinx.com/generic_baseblocks_v2_1/hdl/verilog/generic_baseblocks_v2_1_comparator_mask_static.v
Duplicated file found; will not be sent for synthesis: c:/Users/Anonymouse/Dropbox/Projects/Complex/mrtech/fsearch/FPGA/System/System.srcs/sources_1/bd/base_zynq_design/ipshared/xilinx.com/generic_baseblocks_v2_1/hdl/verilog/generic_baseblocks_v2_1_comparator_mask.v
Duplicated file found; will not be sent for synthesis: c:/Users/Anonymouse/Dropbox/Projects/Complex/mrtech/fsearch/FPGA/System/System.srcs/sources_1/bd/base_zynq_design/ipshared/xilinx.com/generic_baseblocks_v2_1/hdl/verilog/generic_baseblocks_v2_1_comparator_sel_mask_static.v
Duplicated file found; will not be sent for synthesis: c:/Users/Anonymouse/Dropbox/Projects/Complex/mrtech/fsearch/FPGA/System/System.srcs/sources_1/bd/base_zynq_design/ipshared/xilinx.com/generic_baseblocks_v2_1/hdl/verilog/generic_baseblocks_v2_1_comparator_sel_mask.v
Duplicated file found; will not be sent for synthesis: c:/Users/Anonymouse/Dropbox/Projects/Complex/mrtech/fsearch/FPGA/System/System.srcs/sources_1/bd/base_zynq_design/ipshared/xilinx.com/generic_baseblocks_v2_1/hdl/verilog/generic_baseblocks_v2_1_comparator_sel_static.v
Duplicated file found; will not be sent for synthesis: c:/Users/Anonymouse/Dropbox/Projects/Complex/mrtech/fsearch/FPGA/System/System.srcs/sources_1/bd/base_zynq_design/ipshared/xilinx.com/generic_baseblocks_v2_1/hdl/verilog/generic_baseblocks_v2_1_comparator_sel.v
Duplicated file found; will not be sent for synthesis: c:/Users/Anonymouse/Dropbox/Projects/Complex/mrtech/fsearch/FPGA/System/System.srcs/sources_1/bd/base_zynq_design/ipshared/xilinx.com/generic_baseblocks_v2_1/hdl/verilog/generic_baseblocks_v2_1_comparator_static.v
Duplicated file found; will not be sent for synthesis: c:/Users/Anonymouse/Dropbox/Projects/Complex/mrtech/fsearch/FPGA/System/System.srcs/sources_1/bd/base_zynq_design/ipshared/xilinx.com/generic_baseblocks_v2_1/hdl/verilog/generic_baseblocks_v2_1_comparator.v
Duplicated file found; will not be sent for synthesis: c:/Users/Anonymouse/Dropbox/Projects/Complex/mrtech/fsearch/FPGA/System/System.srcs/sources_1/bd/base_zynq_design/ipshared/xilinx.com/generic_baseblocks_v2_1/hdl/verilog/generic_baseblocks_v2_1_mux_enc.v
Duplicated file found; will not be sent for synthesis: c:/Users/Anonymouse/Dropbox/Projects/Complex/mrtech/fsearch/FPGA/System/System.srcs/sources_1/bd/base_zynq_design/ipshared/xilinx.com/generic_baseblocks_v2_1/hdl/verilog/generic_baseblocks_v2_1_mux.v
Duplicated file found; will not be sent for synthesis: c:/Users/Anonymouse/Dropbox/Projects/Complex/mrtech/fsearch/FPGA/System/System.srcs/sources_1/bd/base_zynq_design/ipshared/xilinx.com/generic_baseblocks_v2_1/hdl/verilog/generic_baseblocks_v2_1_nto1_mux.v
Duplicated file found; will not be sent for synthesis: c:/Users/Anonymouse/Dropbox/Projects/Complex/mrtech/fsearch/FPGA/System/System.srcs/sources_1/bd/base_zynq_design/ipshared/xilinx.com/axi_data_fifo_v2_1/hdl/verilog/axi_data_fifo_v2_1_axic_fifo.v
Duplicated file found; will not be sent for synthesis: c:/Users/Anonymouse/Dropbox/Projects/Complex/mrtech/fsearch/FPGA/System/System.srcs/sources_1/bd/base_zynq_design/ipshared/xilinx.com/axi_data_fifo_v2_1/hdl/verilog/axi_data_fifo_v2_1_fifo_gen.v
Duplicated file found; will not be sent for synthesis: c:/Users/Anonymouse/Dropbox/Projects/Complex/mrtech/fsearch/FPGA/System/System.srcs/sources_1/bd/base_zynq_design/ipshared/xilinx.com/axi_data_fifo_v2_1/hdl/verilog/axi_data_fifo_v2_1_axic_srl_fifo.v
Duplicated file found; will not be sent for synthesis: c:/Users/Anonymouse/Dropbox/Projects/Complex/mrtech/fsearch/FPGA/System/System.srcs/sources_1/bd/base_zynq_design/ipshared/xilinx.com/axi_data_fifo_v2_1/hdl/verilog/axi_data_fifo_v2_1_axic_reg_srl_fifo.v
Duplicated file found; will not be sent for synthesis: c:/Users/Anonymouse/Dropbox/Projects/Complex/mrtech/fsearch/FPGA/System/System.srcs/sources_1/bd/base_zynq_design/ipshared/xilinx.com/axi_data_fifo_v2_1/hdl/verilog/axi_data_fifo_v2_1_ndeep_srl.v
Duplicated file found; will not be sent for synthesis: c:/Users/Anonymouse/Dropbox/Projects/Complex/mrtech/fsearch/FPGA/System/System.srcs/sources_1/bd/base_zynq_design/ipshared/xilinx.com/axi_data_fifo_v2_1/hdl/verilog/axi_data_fifo_v2_1_axi_data_fifo.v
Duplicated file found; will not be sent for synthesis: c:/Users/Anonymouse/Dropbox/Projects/Complex/mrtech/fsearch/FPGA/System/System.srcs/sources_1/bd/base_zynq_design/ipshared/xilinx.com/axi_infrastructure_v1_1/hdl/verilog/axi_infrastructure_v1_1_0_header.vh
Duplicated file found; will not be sent for synthesis: c:/Users/Anonymouse/Dropbox/Projects/Complex/mrtech/fsearch/FPGA/System/System.srcs/sources_1/bd/base_zynq_design/ipshared/xilinx.com/axi_infrastructure_v1_1/hdl/verilog/axi_infrastructure_v1_1_axi2vector.v
Duplicated file found; will not be sent for synthesis: c:/Users/Anonymouse/Dropbox/Projects/Complex/mrtech/fsearch/FPGA/System/System.srcs/sources_1/bd/base_zynq_design/ipshared/xilinx.com/axi_infrastructure_v1_1/hdl/verilog/axi_infrastructure_v1_1_axic_srl_fifo.v
Duplicated file found; will not be sent for synthesis: c:/Users/Anonymouse/Dropbox/Projects/Complex/mrtech/fsearch/FPGA/System/System.srcs/sources_1/bd/base_zynq_design/ipshared/xilinx.com/axi_infrastructure_v1_1/hdl/verilog/axi_infrastructure_v1_1_vector2axi.v
Duplicated file found; will not be sent for synthesis: c:/Users/Anonymouse/Dropbox/Projects/Complex/mrtech/fsearch/FPGA/System/System.srcs/sources_1/bd/base_zynq_design/ipshared/xilinx.com/axi_register_slice_v2_1/hdl/verilog/axi_register_slice_v2_1_axic_register_slice.v
Duplicated file found; will not be sent for synthesis: c:/Users/Anonymouse/Dropbox/Projects/Complex/mrtech/fsearch/FPGA/System/System.srcs/sources_1/bd/base_zynq_design/ipshared/xilinx.com/axi_register_slice_v2_1/hdl/verilog/axi_register_slice_v2_1_axi_register_slice.v
Duplicated file found; will not be sent for synthesis: c:/Users/Anonymouse/Dropbox/Projects/Complex/mrtech/fsearch/FPGA/System/System.srcs/sources_1/bd/base_zynq_design/ipshared/xilinx.com/axi_protocol_converter_v2_1/hdl/verilog/axi_protocol_converter_v2_1_a_axi3_conv.v
Duplicated file found; will not be sent for synthesis: c:/Users/Anonymouse/Dropbox/Projects/Complex/mrtech/fsearch/FPGA/System/System.srcs/sources_1/bd/base_zynq_design/ipshared/xilinx.com/axi_protocol_converter_v2_1/hdl/verilog/axi_protocol_converter_v2_1_axi3_conv.v
Duplicated file found; will not be sent for synthesis: c:/Users/Anonymouse/Dropbox/Projects/Complex/mrtech/fsearch/FPGA/System/System.srcs/sources_1/bd/base_zynq_design/ipshared/xilinx.com/axi_protocol_converter_v2_1/hdl/verilog/axi_protocol_converter_v2_1_axilite_conv.v
Duplicated file found; will not be sent for synthesis: c:/Users/Anonymouse/Dropbox/Projects/Complex/mrtech/fsearch/FPGA/System/System.srcs/sources_1/bd/base_zynq_design/ipshared/xilinx.com/axi_protocol_converter_v2_1/hdl/verilog/axi_protocol_converter_v2_1_r_axi3_conv.v
Duplicated file found; will not be sent for synthesis: c:/Users/Anonymouse/Dropbox/Projects/Complex/mrtech/fsearch/FPGA/System/System.srcs/sources_1/bd/base_zynq_design/ipshared/xilinx.com/axi_protocol_converter_v2_1/hdl/verilog/axi_protocol_converter_v2_1_w_axi3_conv.v
Duplicated file found; will not be sent for synthesis: c:/Users/Anonymouse/Dropbox/Projects/Complex/mrtech/fsearch/FPGA/System/System.srcs/sources_1/bd/base_zynq_design/ipshared/xilinx.com/axi_protocol_converter_v2_1/hdl/verilog/axi_protocol_converter_v2_1_b_downsizer.v
Duplicated file found; will not be sent for synthesis: c:/Users/Anonymouse/Dropbox/Projects/Complex/mrtech/fsearch/FPGA/System/System.srcs/sources_1/bd/base_zynq_design/ipshared/xilinx.com/axi_protocol_converter_v2_1/hdl/verilog/axi_protocol_converter_v2_1_decerr_slave.v
Duplicated file found; will not be sent for synthesis: c:/Users/Anonymouse/Dropbox/Projects/Complex/mrtech/fsearch/FPGA/System/System.srcs/sources_1/bd/base_zynq_design/ipshared/xilinx.com/axi_protocol_converter_v2_1/hdl/verilog/axi_protocol_converter_v2_1_b2s_simple_fifo.v
Duplicated file found; will not be sent for synthesis: c:/Users/Anonymouse/Dropbox/Projects/Complex/mrtech/fsearch/FPGA/System/System.srcs/sources_1/bd/base_zynq_design/ipshared/xilinx.com/axi_protocol_converter_v2_1/hdl/verilog/axi_protocol_converter_v2_1_b2s_wrap_cmd.v
Duplicated file found; will not be sent for synthesis: c:/Users/Anonymouse/Dropbox/Projects/Complex/mrtech/fsearch/FPGA/System/System.srcs/sources_1/bd/base_zynq_design/ipshared/xilinx.com/axi_protocol_converter_v2_1/hdl/verilog/axi_protocol_converter_v2_1_b2s_incr_cmd.v
Duplicated file found; will not be sent for synthesis: c:/Users/Anonymouse/Dropbox/Projects/Complex/mrtech/fsearch/FPGA/System/System.srcs/sources_1/bd/base_zynq_design/ipshared/xilinx.com/axi_protocol_converter_v2_1/hdl/verilog/axi_protocol_converter_v2_1_b2s_wr_cmd_fsm.v
Duplicated file found; will not be sent for synthesis: c:/Users/Anonymouse/Dropbox/Projects/Complex/mrtech/fsearch/FPGA/System/System.srcs/sources_1/bd/base_zynq_design/ipshared/xilinx.com/axi_protocol_converter_v2_1/hdl/verilog/axi_protocol_converter_v2_1_b2s_rd_cmd_fsm.v
Duplicated file found; will not be sent for synthesis: c:/Users/Anonymouse/Dropbox/Projects/Complex/mrtech/fsearch/FPGA/System/System.srcs/sources_1/bd/base_zynq_design/ipshared/xilinx.com/axi_protocol_converter_v2_1/hdl/verilog/axi_protocol_converter_v2_1_b2s_cmd_translator.v
Duplicated file found; will not be sent for synthesis: c:/Users/Anonymouse/Dropbox/Projects/Complex/mrtech/fsearch/FPGA/System/System.srcs/sources_1/bd/base_zynq_design/ipshared/xilinx.com/axi_protocol_converter_v2_1/hdl/verilog/axi_protocol_converter_v2_1_b2s_b_channel.v
Duplicated file found; will not be sent for synthesis: c:/Users/Anonymouse/Dropbox/Projects/Complex/mrtech/fsearch/FPGA/System/System.srcs/sources_1/bd/base_zynq_design/ipshared/xilinx.com/axi_protocol_converter_v2_1/hdl/verilog/axi_protocol_converter_v2_1_b2s_r_channel.v
Duplicated file found; will not be sent for synthesis: c:/Users/Anonymouse/Dropbox/Projects/Complex/mrtech/fsearch/FPGA/System/System.srcs/sources_1/bd/base_zynq_design/ipshared/xilinx.com/axi_protocol_converter_v2_1/hdl/verilog/axi_protocol_converter_v2_1_b2s_aw_channel.v
Duplicated file found; will not be sent for synthesis: c:/Users/Anonymouse/Dropbox/Projects/Complex/mrtech/fsearch/FPGA/System/System.srcs/sources_1/bd/base_zynq_design/ipshared/xilinx.com/axi_protocol_converter_v2_1/hdl/verilog/axi_protocol_converter_v2_1_b2s_ar_channel.v
Duplicated file found; will not be sent for synthesis: c:/Users/Anonymouse/Dropbox/Projects/Complex/mrtech/fsearch/FPGA/System/System.srcs/sources_1/bd/base_zynq_design/ipshared/xilinx.com/axi_protocol_converter_v2_1/hdl/verilog/axi_protocol_converter_v2_1_b2s.v
Duplicated file found; will not be sent for synthesis: c:/Users/Anonymouse/Dropbox/Projects/Complex/mrtech/fsearch/FPGA/System/System.srcs/sources_1/bd/base_zynq_design/ipshared/xilinx.com/axi_protocol_converter_v2_1/hdl/verilog/axi_protocol_converter_v2_1_axi_protocol_converter.v
Duplicated file found; will not be sent for synthesis: c:/Users/Anonymouse/Dropbox/Projects/Complex/mrtech/fsearch/FPGA/System/System.srcs/sources_1/bd/base_zynq_design/ipshared/xilinx.com/blk_mem_gen_v8_3/hdl/blk_mem_gen_v8_3_vhsyn_rfs.vhd
Duplicated file found; will not be sent for synthesis: c:/Users/Anonymouse/Dropbox/Projects/Complex/mrtech/fsearch/FPGA/System/System.srcs/sources_1/bd/base_zynq_design/ipshared/xilinx.com/blk_mem_gen_v8_3/hdl/blk_mem_gen_v8_3.vhd
Duplicated file found; will not be sent for synthesis: c:/Users/Anonymouse/Dropbox/Projects/Complex/mrtech/fsearch/FPGA/System/System.srcs/sources_1/bd/base_zynq_design/ipshared/xilinx.com/fifo_generator_v13_0/hdl/fifo_generator_v13_0_vhsyn_rfs.vhd
Duplicated file found; will not be sent for synthesis: c:/Users/Anonymouse/Dropbox/Projects/Complex/mrtech/fsearch/FPGA/System/System.srcs/sources_1/bd/base_zynq_design/ipshared/xilinx.com/fifo_generator_v13_0/hdl/fifo_generator_v13_0.vhd
CRC performance measure: elapsed=00:00:09s;;memory_peak=280.281MB;;memory_gain=4.152MB
